# JRE version: OpenJDK Runtime Environment Temurin-17.0.8.1+1 (17.0.8.1+1) (build 17.0.8.1+1)
# Java VM: OpenJDK 64-Bit Server VM Temurin-17.0.8.1+1 (17.0.8.1+1, mixed mode, tiered, compressed oops, compressed class ptrs, g1 gc, windows-amd64)
GC Precious Log:
 CPUs: 8 total, 8 available
 Memory: 8107M
 Large Page Support: Disabled
 NUMA Support: Disabled
 Compressed Oops: Enabled (32-bit)
 Heap Region Size: 1M
 Heap Min Capacity: 8M
 Heap Initial Capacity: 128M
 Heap Max Capacity: 2028M
 Pre-touch: Disabled
 Parallel Workers: 8
 Concurrent Workers: 2
 Concurrent Refinement Workers: 8
 Periodic GC: Disabled
Heap:
 garbage-first heap   total 48128K, used 15681K [0x0000000081400000, 0x0000000100000000)
  region size 1024K, 2 young (2048K), 1 survivors (1024K)
 Metaspace       used 40274K, committed 40640K, reserved 1114112K
  class space    used 4938K, committed 5120K, reserved 1048576K
GC Heap History (20 events):
Event: 2.052 GC heap before
{Heap before GC invocations=1 (full 0):
 garbage-first heap   total 131072K, used 29347K [0x0000000081400000, 0x0000000100000000)
  region size 1024K, 28 young (28672K), 3 survivors (3072K)
 Metaspace       used 21322K, committed 21504K, reserved 1114112K
  class space    used 2254K, committed 2368K, reserved 1048576K
}
Event: 2.058 GC heap after
{Heap after GC invocations=2 (full 0):
 garbage-first heap   total 131072K, used 7255K [0x0000000081400000, 0x0000000100000000)
  region size 1024K, 3 young (3072K), 3 survivors (3072K)
 Metaspace       used 21322K, committed 21504K, reserved 1114112K
  class space    used 2254K, committed 2368K, reserved 1048576K
}
Event: 2.381 GC heap before
{Heap before GC invocations=3 (full 0):
 garbage-first heap   total 30720K, used 22615K [0x0000000081400000, 0x0000000100000000)
  region size 1024K, 18 young (18432K), 3 survivors (3072K)
 Metaspace       used 24859K, committed 25152K, reserved 1114112K
  class space    used 2777K, committed 2944K, reserved 1048576K
}
Event: 2.384 GC heap after
{Heap after GC invocations=4 (full 0):
 garbage-first heap   total 30720K, used 7787K [0x0000000081400000, 0x0000000100000000)
  region size 1024K, 1 young (1024K), 1 survivors (1024K)
 Metaspace       used 24859K, committed 25152K, reserved 1114112K
  class space    used 2777K, committed 2944K, reserved 1048576K
}
Event: 2.409 GC heap before
{Heap before GC invocations=4 (full 0):
 garbage-first heap   total 30720K, used 8811K [0x0000000081400000, 0x0000000100000000)
  region size 1024K, 2 young (2048K), 1 survivors (1024K)
 Metaspace       used 25189K, committed 25472K, reserved 1114112K
  class space    used 2817K, committed 2944K, reserved 1048576K
}
Event: 2.413 GC heap after
{Heap after GC invocations=5 (full 0):
 garbage-first heap   total 30720K, used 7906K [0x0000000081400000, 0x0000000100000000)
  region size 1024K, 1 young (1024K), 1 survivors (1024K)
 Metaspace       used 25189K, committed 25472K, reserved 1114112K
  class space    used 2817K, committed 2944K, reserved 1048576K
}
Event: 2.819 GC heap before
{Heap before GC invocations=5 (full 0):
 garbage-first heap   total 30720K, used 22242K [0x0000000081400000, 0x0000000100000000)
  region size 1024K, 15 young (15360K), 1 survivors (1024K)
 Metaspace       used 28501K, committed 28800K, reserved 1114112K
  class space    used 3242K, committed 3392K, reserved 1048576K
}
Event: 2.822 GC heap after
{Heap after GC invocations=6 (full 0):
 garbage-first heap   total 30720K, used 8487K [0x0000000081400000, 0x0000000100000000)
  region size 1024K, 1 young (1024K), 1 survivors (1024K)
 Metaspace       used 28501K, committed 28800K, reserved 1114112K
  class space    used 3242K, committed 3392K, reserved 1048576K
}
Event: 3.322 GC heap before
{Heap before GC invocations=6 (full 0):
 garbage-first heap   total 30720K, used 23847K [0x0000000081400000, 0x0000000100000000)
  region size 1024K, 16 young (16384K), 1 survivors (1024K)
 Metaspace       used 31793K, committed 32064K, reserved 1114112K
  class space    used 3749K, committed 3904K, reserved 1048576K
}
Event: 3.326 GC heap after
{Heap after GC invocations=7 (full 0):
 garbage-first heap   total 30720K, used 9756K [0x0000000081400000, 0x0000000100000000)
  region size 1024K, 2 young (2048K), 2 survivors (2048K)
 Metaspace       used 31793K, committed 32064K, reserved 1114112K
  class space    used 3749K, committed 3904K, reserved 1048576K
}
Event: 3.683 GC heap before
{Heap before GC invocations=7 (full 0):
 garbage-first heap   total 30720K, used 23068K [0x0000000081400000, 0x0000000100000000)
  region size 1024K, 16 young (16384K), 2 survivors (2048K)
 Metaspace       used 34609K, committed 34816K, reserved 1114112K
  class space    used 4124K, committed 4224K, reserved 1048576K
}
Event: 3.687 GC heap after
{Heap after GC invocations=8 (full 0):
 garbage-first heap   total 30720K, used 11672K [0x0000000081400000, 0x0000000100000000)
  region size 1024K, 2 young (2048K), 2 survivors (2048K)
 Metaspace       used 34609K, committed 34816K, reserved 1114112K
  class space    used 4124K, committed 4224K, reserved 1048576K
}
Event: 3.957 GC heap before
{Heap before GC invocations=8 (full 0):
 garbage-first heap   total 30720K, used 21912K [0x0000000081400000, 0x0000000100000000)
  region size 1024K, 13 young (13312K), 2 survivors (2048K)
 Metaspace       used 35670K, committed 35968K, reserved 1114112K
  class space    used 4260K, committed 4416K, reserved 1048576K
}
Event: 3.964 GC heap after
{Heap after GC invocations=9 (full 0):
 garbage-first heap   total 80896K, used 12357K [0x0000000081400000, 0x0000000100000000)
  region size 1024K, 1 young (1024K), 1 survivors (1024K)
 Metaspace       used 35670K, committed 35968K, reserved 1114112K
  class space    used 4260K, committed 4416K, reserved 1048576K
}
Event: 3.979 GC heap before
{Heap before GC invocations=9 (full 0):
 garbage-first heap   total 80896K, used 12357K [0x0000000081400000, 0x0000000100000000)
  region size 1024K, 2 young (2048K), 1 survivors (1024K)
 Metaspace       used 35727K, committed 35968K, reserved 1114112K
  class space    used 4266K, committed 4416K, reserved 1048576K
}
Event: 3.981 GC heap after
{Heap after GC invocations=10 (full 0):
 garbage-first heap   total 80896K, used 12258K [0x0000000081400000, 0x0000000100000000)
  region size 1024K, 1 young (1024K), 1 survivors (1024K)
 Metaspace       used 35727K, committed 35968K, reserved 1114112K
  class space    used 4266K, committed 4416K, reserved 1048576K
}
Event: 5.041 GC heap before
{Heap before GC invocations=11 (full 0):
 garbage-first heap   total 48128K, used 39906K [0x0000000081400000, 0x0000000100000000)
  region size 1024K, 28 young (28672K), 1 survivors (1024K)
 Metaspace       used 39959K, committed 40384K, reserved 1114112K
  class space    used 4890K, committed 5056K, reserved 1048576K
}
Event: 5.047 GC heap after
{Heap after GC invocations=12 (full 0):
 garbage-first heap   total 48128K, used 15159K [0x0000000081400000, 0x0000000100000000)
  region size 1024K, 4 young (4096K), 4 survivors (4096K)
 Metaspace       used 39959K, committed 40384K, reserved 1114112K
  class space    used 4890K, committed 5056K, reserved 1048576K
}
Event: 5.101 GC heap before
{Heap before GC invocations=12 (full 0):
 garbage-first heap   total 48128K, used 16183K [0x0000000081400000, 0x0000000100000000)
  region size 1024K, 5 young (5120K), 4 survivors (4096K)
 Metaspace       used 40206K, committed 40640K, reserved 1114112K
  class space    used 4931K, committed 5120K, reserved 1048576K
}
Event: 5.107 GC heap after
{Heap after GC invocations=13 (full 0):
 garbage-first heap   total 48128K, used 15681K [0x0000000081400000, 0x0000000100000000)
  region size 1024K, 1 young (1024K), 1 survivors (1024K)
 Metaspace       used 40206K, committed 40640K, reserved 1114112K
  class space    used 4931K, committed 5120K, reserved 1048576K
}

